<?xml version="1.0" encoding="UTF-8"?>
<!-- Generated by org.testng.reporters.JUnitReportReporter -->
<testsuite hostname="192-168-1-6.tpgi.com.au" name="ReportGenerator.repogen.com.NewTest" tests="3" failures="0" timestamp="10 Jan 2016 11:58:58 GMT" time="0.014" errors="0">
  <testcase name="f" time="0.001" classname="ReportGenerator.repogen.com.NewTest"/>
  <testcase name="f" time="0.010" classname="ReportGenerator.repogen.com.NewTest"/>
  <testcase name="f" time="0.003" classname="ReportGenerator.repogen.com.NewTest"/>
</testsuite> <!-- ReportGenerator.repogen.com.NewTest -->
